<?xml version="1.0" encoding="UTF-8"?>
<!-- Generated by org.testng.reporters.JUnitXMLReporter -->
<testsuite ignored="0" hostname="DESKTOP-3N34SA6" failures="0" tests="8" name="Default test" time="120.817" errors="0" timestamp="2023-05-19T21:07:52 EEST">
  <testcase classname="SmartBuy_Test_Project" name="Sign_Up_Button" time="19.946"/>
  <testcase classname="SmartBuy_Test_Project" name="Login_Button" time="4.984"/>
  <testcase classname="SmartBuy_Test_Project" name="random_search" time="5.506"/>
  <testcase classname="SmartBuy_Test_Project" name="FindStoreButton" time="5.396"/>
  <testcase classname="SmartBuy_Test_Project" name="AddToCart" time="53.514"/>
  <testcase classname="SmartBuy_Test_Project" name="CheackOut" time="24.525"/>
  <testcase classname="SmartBuy_Test_Project" name="Assertion" time="0.009"/>
  <testcase classname="SmartBuy_Test_Project" name="ScreenShot" time="2.186"/>
</testsuite> <!-- Default test -->
