<?xml version="1.0" encoding="UTF-8"?>
<testng-results ignored="0" total="8" passed="8" failed="0" skipped="0">
  <reporter-output>
  </reporter-output>
  <suite started-at="2023-05-19T23:28:32 EEST" name="Default suite" finished-at="2023-05-19T23:30:39 EEST" duration-ms="126820">
    <groups>
    </groups>
    <test started-at="2023-05-19T23:28:32 EEST" name="Default test" finished-at="2023-05-19T23:30:39 EEST" duration-ms="126820">
      <class name="SmartBuy_Test_Project">
        <test-method is-config="true" signature="before_test()[pri:0, instance:SmartBuy_Test_Project@a8a8b75]" started-at="2023-05-19T23:28:32 EEST" name="before_test" finished-at="2023-05-19T23:28:39 EEST" duration-ms="7048" status="PASS">
          <reporter-output>
          </reporter-output>
        </test-method> <!-- before_test -->
        <test-method signature="Sign_Up_Button()[pri:1, instance:SmartBuy_Test_Project@a8a8b75]" started-at="2023-05-19T23:28:39 EEST" name="Sign_Up_Button" finished-at="2023-05-19T23:29:02 EEST" duration-ms="23003" status="PASS">
          <reporter-output>
          </reporter-output>
        </test-method> <!-- Sign_Up_Button -->
        <test-method signature="Login_Button()[pri:2, instance:SmartBuy_Test_Project@a8a8b75]" started-at="2023-05-19T23:29:02 EEST" name="Login_Button" finished-at="2023-05-19T23:29:07 EEST" duration-ms="5014" status="PASS">
          <reporter-output>
          </reporter-output>
        </test-method> <!-- Login_Button -->
        <test-method signature="random_search()[pri:3, instance:SmartBuy_Test_Project@a8a8b75]" started-at="2023-05-19T23:29:07 EEST" name="random_search" finished-at="2023-05-19T23:29:13 EEST" duration-ms="5683" status="PASS">
          <reporter-output>
          </reporter-output>
        </test-method> <!-- random_search -->
        <test-method signature="FindStoreButton()[pri:4, instance:SmartBuy_Test_Project@a8a8b75]" started-at="2023-05-19T23:29:13 EEST" name="FindStoreButton" finished-at="2023-05-19T23:29:19 EEST" duration-ms="5858" status="PASS">
          <reporter-output>
          </reporter-output>
        </test-method> <!-- FindStoreButton -->
        <test-method signature="AddToCart()[pri:5, instance:SmartBuy_Test_Project@a8a8b75]" started-at="2023-05-19T23:29:19 EEST" name="AddToCart" finished-at="2023-05-19T23:30:13 EEST" duration-ms="53639" status="PASS">
          <reporter-output>
          </reporter-output>
        </test-method> <!-- AddToCart -->
        <test-method signature="CheackOut()[pri:6, instance:SmartBuy_Test_Project@a8a8b75]" started-at="2023-05-19T23:30:13 EEST" name="CheackOut" finished-at="2023-05-19T23:30:37 EEST" duration-ms="24203" status="PASS">
          <reporter-output>
          </reporter-output>
        </test-method> <!-- CheackOut -->
        <test-method signature="Assertion()[pri:7, instance:SmartBuy_Test_Project@a8a8b75]" started-at="2023-05-19T23:30:37 EEST" name="Assertion" finished-at="2023-05-19T23:30:37 EEST" duration-ms="5" status="PASS">
          <reporter-output>
          </reporter-output>
        </test-method> <!-- Assertion -->
        <test-method signature="ScreenShot()[pri:8, instance:SmartBuy_Test_Project@a8a8b75]" started-at="2023-05-19T23:30:37 EEST" name="ScreenShot" finished-at="2023-05-19T23:30:39 EEST" duration-ms="2192" status="PASS">
          <reporter-output>
          </reporter-output>
        </test-method> <!-- ScreenShot -->
        <test-method is-config="true" signature="aftertest()[pri:0, instance:SmartBuy_Test_Project@a8a8b75]" started-at="2023-05-19T23:30:39 EEST" name="aftertest" finished-at="2023-05-19T23:30:39 EEST" duration-ms="0" status="PASS">
          <reporter-output>
          </reporter-output>
        </test-method> <!-- aftertest -->
      </class> <!-- SmartBuy_Test_Project -->
    </test> <!-- Default test -->
  </suite> <!-- Default suite -->
</testng-results>
